This file contains any messages produced by compilers while
running configure, to aid debugging if configure makes a mistake.

It was created by ODE configure 0.11.1, which was
generated by GNU Autoconf 2.68.  Invocation command line was

  $ ./configure --with-drawstuff=X11

## --------- ##
## Platform. ##
## --------- ##

hostname = Seldon
uname -m = i686
uname -r = 3.1.6-1-ARCH
uname -s = Linux
uname -v = #1 SMP PREEMPT Thu Dec 22 08:52:33 UTC 2011

/usr/bin/uname -p = unknown
/bin/uname -X     = unknown

/bin/arch              = i686
/usr/bin/arch -k       = unknown
/usr/convex/getsysinfo = unknown
/usr/bin/hostinfo      = unknown
/bin/machine           = unknown
/usr/bin/oslevel       = unknown
/bin/universe          = unknown

PATH: /usr/local/bin
PATH: /usr/bin
PATH: /bin
PATH: /usr/local/sbin
PATH: /usr/sbin
PATH: /sbin
PATH: /usr/bin/core_perl


## ----------- ##
## Core tests. ##
## ----------- ##

configure:2516: checking build system type
configure:2530: result: i686-pc-linux-gnu
configure:2550: checking host system type
configure:2563: result: i686-pc-linux-gnu
configure:2600: checking for a BSD-compatible install
configure:2668: result: /bin/install -c
configure:2679: checking whether build environment is sane
configure:2729: result: yes
configure:2870: checking for a thread-safe mkdir -p
configure:2909: result: /bin/mkdir -p
configure:2922: checking for gawk
configure:2938: found /usr/bin/gawk
configure:2949: result: gawk
configure:2960: checking whether make sets $(MAKE)
configure:2982: result: yes
configure:3065: checking whether make sets $(MAKE)
configure:3087: result: yes
configure:3154: checking for g++
configure:3170: found /usr/bin/g++
configure:3181: result: g++
configure:3208: checking for C++ compiler version
configure:3217: g++ --version >&5
g++ (GCC) 4.6.2 20111223 (prerelease)
Copyright (C) 2011 Free Software Foundation, Inc.
This is free software; see the source for copying conditions.  There is NO
warranty; not even for MERCHANTABILITY or FITNESS FOR A PARTICULAR PURPOSE.

configure:3228: $? = 0
configure:3217: g++ -v >&5
Using built-in specs.
COLLECT_GCC=g++
COLLECT_LTO_WRAPPER=/usr/lib/gcc/i686-pc-linux-gnu/4.6.2/lto-wrapper
Target: i686-pc-linux-gnu
Configured with: /build/src/gcc-4.6-20111223/configure --prefix=/usr --libdir=/usr/lib --libexecdir=/usr/lib --mandir=/usr/share/man --infodir=/usr/share/info --with-bugurl=https://bugs.archlinux.org/ --enable-languages=c,c++,ada,fortran,go,lto,objc,obj-c++ --enable-shared --enable-threads=posix --with-system-zlib --enable-__cxa_atexit --disable-libunwind-exceptions --enable-clocale=gnu --enable-gnu-unique-object --enable-linker-build-id --with-ppl --enable-cloog-backend=isl --enable-lto --enable-gold --enable-ld=default --enable-plugin --with-plugin-ld=ld.gold --disable-multilib --disable-libssp --disable-libstdcxx-pch --enable-checking=release
Thread model: posix
gcc version 4.6.2 20111223 (prerelease) (GCC) 
configure:3228: $? = 0
configure:3217: g++ -V >&5
g++: error: unrecognized option '-V'
g++: fatal error: no input files
compilation terminated.
configure:3228: $? = 1
configure:3217: g++ -qversion >&5
g++: error: unrecognized option '-qversion'
g++: fatal error: no input files
compilation terminated.
configure:3228: $? = 1
configure:3248: checking whether the C++ compiler works
configure:3270: g++    conftest.cpp  >&5
configure:3274: $? = 0
configure:3322: result: yes
configure:3325: checking for C++ compiler default output file name
configure:3327: result: a.out
configure:3333: checking for suffix of executables
configure:3340: g++ -o conftest    conftest.cpp  >&5
configure:3344: $? = 0
configure:3366: result: 
configure:3388: checking whether we are cross compiling
configure:3396: g++ -o conftest    conftest.cpp  >&5
configure:3400: $? = 0
configure:3407: ./conftest
configure:3411: $? = 0
configure:3426: result: no
configure:3431: checking for suffix of object files
configure:3453: g++ -c   conftest.cpp >&5
configure:3457: $? = 0
configure:3478: result: o
configure:3482: checking whether we are using the GNU C++ compiler
configure:3501: g++ -c   conftest.cpp >&5
configure:3501: $? = 0
configure:3510: result: yes
configure:3519: checking whether g++ accepts -g
configure:3539: g++ -c -g  conftest.cpp >&5
configure:3539: $? = 0
configure:3580: result: yes
configure:3614: checking for style of include used by make
configure:3642: result: GNU
configure:3668: checking dependency style of g++
configure:3779: result: gcc3
configure:3842: checking for gcc
configure:3858: found /usr/bin/gcc
configure:3869: result: gcc
configure:4098: checking for C compiler version
configure:4107: gcc --version >&5
gcc (GCC) 4.6.2 20111223 (prerelease)
Copyright (C) 2011 Free Software Foundation, Inc.
This is free software; see the source for copying conditions.  There is NO
warranty; not even for MERCHANTABILITY or FITNESS FOR A PARTICULAR PURPOSE.

configure:4118: $? = 0
configure:4107: gcc -v >&5
Using built-in specs.
COLLECT_GCC=gcc
COLLECT_LTO_WRAPPER=/usr/lib/gcc/i686-pc-linux-gnu/4.6.2/lto-wrapper
Target: i686-pc-linux-gnu
Configured with: /build/src/gcc-4.6-20111223/configure --prefix=/usr --libdir=/usr/lib --libexecdir=/usr/lib --mandir=/usr/share/man --infodir=/usr/share/info --with-bugurl=https://bugs.archlinux.org/ --enable-languages=c,c++,ada,fortran,go,lto,objc,obj-c++ --enable-shared --enable-threads=posix --with-system-zlib --enable-__cxa_atexit --disable-libunwind-exceptions --enable-clocale=gnu --enable-gnu-unique-object --enable-linker-build-id --with-ppl --enable-cloog-backend=isl --enable-lto --enable-gold --enable-ld=default --enable-plugin --with-plugin-ld=ld.gold --disable-multilib --disable-libssp --disable-libstdcxx-pch --enable-checking=release
Thread model: posix
gcc version 4.6.2 20111223 (prerelease) (GCC) 
configure:4118: $? = 0
configure:4107: gcc -V >&5
gcc: error: unrecognized option '-V'
gcc: fatal error: no input files
compilation terminated.
configure:4118: $? = 1
configure:4107: gcc -qversion >&5
gcc: error: unrecognized option '-qversion'
gcc: fatal error: no input files
compilation terminated.
configure:4118: $? = 1
configure:4122: checking whether we are using the GNU C compiler
configure:4141: gcc -c   conftest.c >&5
configure:4141: $? = 0
configure:4150: result: yes
configure:4159: checking whether gcc accepts -g
configure:4179: gcc -c -g  conftest.c >&5
configure:4179: $? = 0
configure:4220: result: yes
configure:4237: checking for gcc option to accept ISO C89
configure:4301: gcc  -c -g -O2  conftest.c >&5
configure:4301: $? = 0
configure:4314: result: none needed
configure:4336: checking dependency style of gcc
configure:4447: result: gcc3
configure:4463: checking whether gcc and cc understand -c and -o together
configure:4494: gcc -c conftest.c -o conftest2.o >&5
configure:4498: $? = 0
configure:4504: gcc -c conftest.c -o conftest2.o >&5
configure:4508: $? = 0
configure:4519: cc -c conftest.c >&5
configure:4523: $? = 0
configure:4531: cc -c conftest.c -o conftest2.o >&5
configure:4535: $? = 0
configure:4541: cc -c conftest.c -o conftest2.o >&5
configure:4545: $? = 0
configure:4563: result: yes
configure:4593: checking how to run the C preprocessor
configure:4624: gcc -E  conftest.c
configure:4624: $? = 0
configure:4638: gcc -E  conftest.c
conftest.c:11:28: fatal error: ac_nonexistent.h: No such file or directory
compilation terminated.
configure:4638: $? = 1
configure: failed program was:
| /* confdefs.h */
| #define PACKAGE_NAME "ODE"
| #define PACKAGE_TARNAME "ode"
| #define PACKAGE_VERSION "0.11.1"
| #define PACKAGE_STRING "ODE 0.11.1"
| #define PACKAGE_BUGREPORT "ode@ode.org"
| #define PACKAGE_URL ""
| #define PACKAGE "ode"
| #define VERSION "0.11.1"
| /* end confdefs.h.  */
| #include <ac_nonexistent.h>
configure:4663: result: gcc -E
configure:4683: gcc -E  conftest.c
configure:4683: $? = 0
configure:4697: gcc -E  conftest.c
conftest.c:11:28: fatal error: ac_nonexistent.h: No such file or directory
compilation terminated.
configure:4697: $? = 1
configure: failed program was:
| /* confdefs.h */
| #define PACKAGE_NAME "ODE"
| #define PACKAGE_TARNAME "ode"
| #define PACKAGE_VERSION "0.11.1"
| #define PACKAGE_STRING "ODE 0.11.1"
| #define PACKAGE_BUGREPORT "ode@ode.org"
| #define PACKAGE_URL ""
| #define PACKAGE "ode"
| #define VERSION "0.11.1"
| /* end confdefs.h.  */
| #include <ac_nonexistent.h>
configure:4729: checking for gawk
configure:4756: result: gawk
configure:4768: checking whether ln -s works
configure:4772: result: yes
configure:5160: checking how to print strings
configure:5187: result: printf
configure:5208: checking for a sed that does not truncate output
configure:5272: result: /bin/sed
configure:5290: checking for grep that handles long lines and -e
configure:5348: result: /bin/grep
configure:5353: checking for egrep
configure:5415: result: /bin/grep -E
configure:5420: checking for fgrep
configure:5482: result: /bin/grep -F
configure:5517: checking for ld used by gcc
configure:5584: result: /usr/bin/ld
configure:5591: checking if the linker (/usr/bin/ld) is GNU ld
configure:5606: result: yes
configure:5618: checking for BSD- or MS-compatible name lister (nm)
configure:5667: result: /usr/bin/nm -B
configure:5797: checking the name lister (/usr/bin/nm -B) interface
configure:5804: gcc -c -g -O2  conftest.c >&5
configure:5807: /usr/bin/nm -B "conftest.o"
configure:5810: output
00000000 B some_variable
configure:5817: result: BSD nm
configure:5821: checking the maximum length of command line arguments
configure:5951: result: 1572864
configure:5968: checking whether the shell understands some XSI constructs
configure:5978: result: yes
configure:5982: checking whether the shell understands "+="
configure:5988: result: yes
configure:6023: checking how to convert i686-pc-linux-gnu file names to i686-pc-linux-gnu format
configure:6063: result: func_convert_file_noop
configure:6070: checking how to convert i686-pc-linux-gnu file names to toolchain format
configure:6090: result: func_convert_file_noop
configure:6097: checking for /usr/bin/ld option to reload object files
configure:6104: result: -r
configure:6178: checking for objdump
configure:6205: result: objdump
configure:6234: checking how to recognize dependent libraries
configure:6436: result: pass_all
configure:6521: checking for dlltool
configure:6548: result: dlltool
configure:6578: checking how to associate runtime and link libraries
configure:6605: result: printf %s\n
configure:6666: checking for ar
configure:6682: found /usr/bin/ar
configure:6693: result: ar
configure:6730: checking for archiver @FILE support
configure:6747: gcc -c -g -O2  conftest.c >&5
configure:6747: $? = 0
configure:6750: ar cru libconftest.a @conftest.lst >&5
configure:6753: $? = 0
configure:6758: ar cru libconftest.a @conftest.lst >&5
ar: conftest.o: No such file or directory
configure:6761: $? = 1
configure:6773: result: @
configure:6831: checking for strip
configure:6847: found /usr/bin/strip
configure:6858: result: strip
configure:6930: checking for ranlib
configure:6946: found /usr/bin/ranlib
configure:6957: result: ranlib
configure:7059: checking command to parse /usr/bin/nm -B output from gcc object
configure:7179: gcc -c -g -O2  conftest.c >&5
configure:7182: $? = 0
configure:7186: /usr/bin/nm -B conftest.o \| sed -n -e 's/^.*[ ]\([ABCDGIRSTW][ABCDGIRSTW]*\)[ ][ ]*\([_A-Za-z][_A-Za-z0-9]*\)$/\1 \2 \2/p' | sed '/ __gnu_lto/d' \> conftest.nm
configure:7189: $? = 0
configure:7255: gcc -o conftest -g -O2   conftest.c conftstm.o >&5
configure:7258: $? = 0
configure:7296: result: ok
configure:7333: checking for sysroot
configure:7363: result: no
configure:7619: checking for mt
configure:7649: result: no
configure:7669: checking if : is a manifest tool
configure:7675: : '-?'
configure:7683: result: no
configure:8321: checking for ANSI C header files
configure:8341: gcc -c -g -O2  conftest.c >&5
configure:8341: $? = 0
configure:8414: gcc -o conftest -g -O2   conftest.c  >&5
configure:8414: $? = 0
configure:8414: ./conftest
configure:8414: $? = 0
configure:8425: result: yes
configure:8438: checking for sys/types.h
configure:8438: gcc -c -g -O2  conftest.c >&5
configure:8438: $? = 0
configure:8438: result: yes
configure:8438: checking for sys/stat.h
configure:8438: gcc -c -g -O2  conftest.c >&5
configure:8438: $? = 0
configure:8438: result: yes
configure:8438: checking for stdlib.h
configure:8438: gcc -c -g -O2  conftest.c >&5
configure:8438: $? = 0
configure:8438: result: yes
configure:8438: checking for string.h
configure:8438: gcc -c -g -O2  conftest.c >&5
configure:8438: $? = 0
configure:8438: result: yes
configure:8438: checking for memory.h
configure:8438: gcc -c -g -O2  conftest.c >&5
configure:8438: $? = 0
configure:8438: result: yes
configure:8438: checking for strings.h
configure:8438: gcc -c -g -O2  conftest.c >&5
configure:8438: $? = 0
configure:8438: result: yes
configure:8438: checking for inttypes.h
configure:8438: gcc -c -g -O2  conftest.c >&5
configure:8438: $? = 0
configure:8438: result: yes
configure:8438: checking for stdint.h
configure:8438: gcc -c -g -O2  conftest.c >&5
configure:8438: $? = 0
configure:8438: result: yes
configure:8438: checking for unistd.h
configure:8438: gcc -c -g -O2  conftest.c >&5
configure:8438: $? = 0
configure:8438: result: yes
configure:8452: checking for dlfcn.h
configure:8452: gcc -c -g -O2  conftest.c >&5
configure:8452: $? = 0
configure:8452: result: yes
configure:8637: checking for objdir
configure:8652: result: .libs
configure:8919: checking if gcc supports -fno-rtti -fno-exceptions
configure:8937: gcc -c -g -O2  -fno-rtti -fno-exceptions conftest.c >&5
cc1: warning: command line option '-fno-rtti' is valid for C++/ObjC++ but not for C [enabled by default]
configure:8941: $? = 0
configure:8954: result: no
configure:9281: checking for gcc option to produce PIC
configure:9288: result: -fPIC -DPIC
configure:9296: checking if gcc PIC flag -fPIC -DPIC works
configure:9314: gcc -c -g -O2  -fPIC -DPIC -DPIC conftest.c >&5
configure:9318: $? = 0
configure:9331: result: yes
configure:9360: checking if gcc static flag -static works
configure:9388: result: yes
configure:9403: checking if gcc supports -c -o file.o
configure:9424: gcc -c -g -O2  -o out/conftest2.o conftest.c >&5
configure:9428: $? = 0
configure:9450: result: yes
configure:9458: checking if gcc supports -c -o file.o
configure:9505: result: yes
configure:9538: checking whether the gcc linker (/usr/bin/ld) supports shared libraries
configure:10691: result: yes
configure:10931: checking dynamic linker characteristics
configure:11442: gcc -o conftest -g -O2   -Wl,-rpath -Wl,/foo conftest.c  >&5
configure:11442: $? = 0
configure:11664: result: GNU/Linux ld.so
configure:11771: checking how to hardcode library paths into programs
configure:11796: result: immediate
configure:12336: checking whether stripping libraries is possible
configure:12341: result: yes
configure:12376: checking if libtool supports shared libraries
configure:12378: result: yes
configure:12381: checking whether to build shared libraries
configure:12402: result: no
configure:12405: checking whether to build static libraries
configure:12409: result: yes
configure:12432: checking how to run the C++ preprocessor
configure:12459: g++ -E  conftest.cpp
configure:12459: $? = 0
configure:12473: g++ -E  conftest.cpp
conftest.cpp:23:28: fatal error: ac_nonexistent.h: No such file or directory
compilation terminated.
configure:12473: $? = 1
configure: failed program was:
| /* confdefs.h */
| #define PACKAGE_NAME "ODE"
| #define PACKAGE_TARNAME "ode"
| #define PACKAGE_VERSION "0.11.1"
| #define PACKAGE_STRING "ODE 0.11.1"
| #define PACKAGE_BUGREPORT "ode@ode.org"
| #define PACKAGE_URL ""
| #define PACKAGE "ode"
| #define VERSION "0.11.1"
| #define STDC_HEADERS 1
| #define HAVE_SYS_TYPES_H 1
| #define HAVE_SYS_STAT_H 1
| #define HAVE_STDLIB_H 1
| #define HAVE_STRING_H 1
| #define HAVE_MEMORY_H 1
| #define HAVE_STRINGS_H 1
| #define HAVE_INTTYPES_H 1
| #define HAVE_STDINT_H 1
| #define HAVE_UNISTD_H 1
| #define HAVE_DLFCN_H 1
| #define LT_OBJDIR ".libs/"
| /* end confdefs.h.  */
| #include <ac_nonexistent.h>
configure:12498: result: g++ -E
configure:12518: g++ -E  conftest.cpp
configure:12518: $? = 0
configure:12532: g++ -E  conftest.cpp
conftest.cpp:23:28: fatal error: ac_nonexistent.h: No such file or directory
compilation terminated.
configure:12532: $? = 1
configure: failed program was:
| /* confdefs.h */
| #define PACKAGE_NAME "ODE"
| #define PACKAGE_TARNAME "ode"
| #define PACKAGE_VERSION "0.11.1"
| #define PACKAGE_STRING "ODE 0.11.1"
| #define PACKAGE_BUGREPORT "ode@ode.org"
| #define PACKAGE_URL ""
| #define PACKAGE "ode"
| #define VERSION "0.11.1"
| #define STDC_HEADERS 1
| #define HAVE_SYS_TYPES_H 1
| #define HAVE_SYS_STAT_H 1
| #define HAVE_STDLIB_H 1
| #define HAVE_STRING_H 1
| #define HAVE_MEMORY_H 1
| #define HAVE_STRINGS_H 1
| #define HAVE_INTTYPES_H 1
| #define HAVE_STDINT_H 1
| #define HAVE_UNISTD_H 1
| #define HAVE_DLFCN_H 1
| #define LT_OBJDIR ".libs/"
| /* end confdefs.h.  */
| #include <ac_nonexistent.h>
configure:12701: checking for ld used by g++
configure:12768: result: /usr/bin/ld
configure:12775: checking if the linker (/usr/bin/ld) is GNU ld
configure:12790: result: yes
configure:12845: checking whether the g++ linker (/usr/bin/ld) supports shared libraries
configure:13850: result: yes
configure:13886: g++ -c -g -O2  conftest.cpp >&5
configure:13889: $? = 0
configure:14409: checking for g++ option to produce PIC
configure:14416: result: -fPIC -DPIC
configure:14424: checking if g++ PIC flag -fPIC -DPIC works
configure:14442: g++ -c -g -O2  -fPIC -DPIC -DPIC conftest.cpp >&5
configure:14446: $? = 0
configure:14459: result: yes
configure:14482: checking if g++ static flag -static works
configure:14510: result: yes
configure:14522: checking if g++ supports -c -o file.o
configure:14543: g++ -c -g -O2  -o out/conftest2.o conftest.cpp >&5
configure:14547: $? = 0
configure:14569: result: yes
configure:14574: checking if g++ supports -c -o file.o
configure:14621: result: yes
configure:14651: checking whether the g++ linker (/usr/bin/ld) supports shared libraries
configure:14687: result: yes
configure:14828: checking dynamic linker characteristics
configure:15495: result: GNU/Linux ld.so
configure:15548: checking how to hardcode library paths into programs
configure:15573: result: immediate
configure:15683: checking for windres
configure:15713: result: no
configure:15735: checking whether byte ordering is bigendian
configure:15750: gcc -c -g -O2  conftest.c >&5
conftest.c:24:9: error: unknown type name 'not'
conftest.c:24:15: error: expected '=', ',', ';', 'asm' or '__attribute__' before 'universal'
conftest.c:24:15: error: unknown type name 'universal'
configure:15750: $? = 1
configure: failed program was:
| /* confdefs.h */
| #define PACKAGE_NAME "ODE"
| #define PACKAGE_TARNAME "ode"
| #define PACKAGE_VERSION "0.11.1"
| #define PACKAGE_STRING "ODE 0.11.1"
| #define PACKAGE_BUGREPORT "ode@ode.org"
| #define PACKAGE_URL ""
| #define PACKAGE "ode"
| #define VERSION "0.11.1"
| #define STDC_HEADERS 1
| #define HAVE_SYS_TYPES_H 1
| #define HAVE_SYS_STAT_H 1
| #define HAVE_STDLIB_H 1
| #define HAVE_STRING_H 1
| #define HAVE_MEMORY_H 1
| #define HAVE_STRINGS_H 1
| #define HAVE_INTTYPES_H 1
| #define HAVE_STDINT_H 1
| #define HAVE_UNISTD_H 1
| #define HAVE_DLFCN_H 1
| #define LT_OBJDIR ".libs/"
| /* end confdefs.h.  */
| #ifndef __APPLE_CC__
| 	       not a universal capable compiler
| 	     #endif
| 	     typedef int dummy;
| 
configure:15795: gcc -c -g -O2  conftest.c >&5
configure:15795: $? = 0
configure:15813: gcc -c -g -O2  conftest.c >&5
conftest.c: In function 'main':
conftest.c:30:4: error: unknown type name 'not'
conftest.c:30:12: error: expected '=', ',', ';', 'asm' or '__attribute__' before 'endian'
configure:15813: $? = 1
configure: failed program was:
| /* confdefs.h */
| #define PACKAGE_NAME "ODE"
| #define PACKAGE_TARNAME "ode"
| #define PACKAGE_VERSION "0.11.1"
| #define PACKAGE_STRING "ODE 0.11.1"
| #define PACKAGE_BUGREPORT "ode@ode.org"
| #define PACKAGE_URL ""
| #define PACKAGE "ode"
| #define VERSION "0.11.1"
| #define STDC_HEADERS 1
| #define HAVE_SYS_TYPES_H 1
| #define HAVE_SYS_STAT_H 1
| #define HAVE_STDLIB_H 1
| #define HAVE_STRING_H 1
| #define HAVE_MEMORY_H 1
| #define HAVE_STRINGS_H 1
| #define HAVE_INTTYPES_H 1
| #define HAVE_STDINT_H 1
| #define HAVE_UNISTD_H 1
| #define HAVE_DLFCN_H 1
| #define LT_OBJDIR ".libs/"
| /* end confdefs.h.  */
| #include <sys/types.h>
| 		#include <sys/param.h>
| 
| int
| main ()
| {
| #if BYTE_ORDER != BIG_ENDIAN
| 		 not big endian
| 		#endif
| 
|   ;
|   return 0;
| }
configure:15941: result: no
configure:15959: checking for inline
configure:15975: gcc -c -g -O2  conftest.c >&5
configure:15975: $? = 0
configure:15983: result: inline
configure:16001: checking for working volatile
configure:16020: gcc -c -g -O2  conftest.c >&5
configure:16020: $? = 0
configure:16027: result: yes
configure:16035: checking for stdbool.h that conforms to C99
configure:16102: gcc -c -g -O2  conftest.c >&5
configure:16102: $? = 0
configure:16109: result: yes
configure:16111: checking for _Bool
configure:16111: gcc -c -g -O2  conftest.c >&5
configure:16111: $? = 0
configure:16111: gcc -c -g -O2  conftest.c >&5
conftest.c: In function 'main':
conftest.c:59:20: error: expected expression before ')' token
configure:16111: $? = 1
configure: failed program was:
| /* confdefs.h */
| #define PACKAGE_NAME "ODE"
| #define PACKAGE_TARNAME "ode"
| #define PACKAGE_VERSION "0.11.1"
| #define PACKAGE_STRING "ODE 0.11.1"
| #define PACKAGE_BUGREPORT "ode@ode.org"
| #define PACKAGE_URL ""
| #define PACKAGE "ode"
| #define VERSION "0.11.1"
| #define STDC_HEADERS 1
| #define HAVE_SYS_TYPES_H 1
| #define HAVE_SYS_STAT_H 1
| #define HAVE_STDLIB_H 1
| #define HAVE_STRING_H 1
| #define HAVE_MEMORY_H 1
| #define HAVE_STRINGS_H 1
| #define HAVE_INTTYPES_H 1
| #define HAVE_STDINT_H 1
| #define HAVE_UNISTD_H 1
| #define HAVE_DLFCN_H 1
| #define LT_OBJDIR ".libs/"
| /* end confdefs.h.  */
| #include <stdio.h>
| #ifdef HAVE_SYS_TYPES_H
| # include <sys/types.h>
| #endif
| #ifdef HAVE_SYS_STAT_H
| # include <sys/stat.h>
| #endif
| #ifdef STDC_HEADERS
| # include <stdlib.h>
| # include <stddef.h>
| #else
| # ifdef HAVE_STDLIB_H
| #  include <stdlib.h>
| # endif
| #endif
| #ifdef HAVE_STRING_H
| # if !defined STDC_HEADERS && defined HAVE_MEMORY_H
| #  include <memory.h>
| # endif
| # include <string.h>
| #endif
| #ifdef HAVE_STRINGS_H
| # include <strings.h>
| #endif
| #ifdef HAVE_INTTYPES_H
| # include <inttypes.h>
| #endif
| #ifdef HAVE_STDINT_H
| # include <stdint.h>
| #endif
| #ifdef HAVE_UNISTD_H
| # include <unistd.h>
| #endif
| int
| main ()
| {
| if (sizeof ((_Bool)))
| 	    return 0;
|   ;
|   return 0;
| }
configure:16111: result: yes
configure:16127: checking for size_t
configure:16127: gcc -c -g -O2  conftest.c >&5
configure:16127: $? = 0
configure:16127: gcc -c -g -O2  conftest.c >&5
conftest.c: In function 'main':
conftest.c:61:21: error: expected expression before ')' token
configure:16127: $? = 1
configure: failed program was:
| /* confdefs.h */
| #define PACKAGE_NAME "ODE"
| #define PACKAGE_TARNAME "ode"
| #define PACKAGE_VERSION "0.11.1"
| #define PACKAGE_STRING "ODE 0.11.1"
| #define PACKAGE_BUGREPORT "ode@ode.org"
| #define PACKAGE_URL ""
| #define PACKAGE "ode"
| #define VERSION "0.11.1"
| #define STDC_HEADERS 1
| #define HAVE_SYS_TYPES_H 1
| #define HAVE_SYS_STAT_H 1
| #define HAVE_STDLIB_H 1
| #define HAVE_STRING_H 1
| #define HAVE_MEMORY_H 1
| #define HAVE_STRINGS_H 1
| #define HAVE_INTTYPES_H 1
| #define HAVE_STDINT_H 1
| #define HAVE_UNISTD_H 1
| #define HAVE_DLFCN_H 1
| #define LT_OBJDIR ".libs/"
| #define HAVE__BOOL 1
| #define HAVE_STDBOOL_H 1
| /* end confdefs.h.  */
| #include <stdio.h>
| #ifdef HAVE_SYS_TYPES_H
| # include <sys/types.h>
| #endif
| #ifdef HAVE_SYS_STAT_H
| # include <sys/stat.h>
| #endif
| #ifdef STDC_HEADERS
| # include <stdlib.h>
| # include <stddef.h>
| #else
| # ifdef HAVE_STDLIB_H
| #  include <stdlib.h>
| # endif
| #endif
| #ifdef HAVE_STRING_H
| # if !defined STDC_HEADERS && defined HAVE_MEMORY_H
| #  include <memory.h>
| # endif
| # include <string.h>
| #endif
| #ifdef HAVE_STRINGS_H
| # include <strings.h>
| #endif
| #ifdef HAVE_INTTYPES_H
| # include <inttypes.h>
| #endif
| #ifdef HAVE_STDINT_H
| # include <stdint.h>
| #endif
| #ifdef HAVE_UNISTD_H
| # include <unistd.h>
| #endif
| int
| main ()
| {
| if (sizeof ((size_t)))
| 	    return 0;
|   ;
|   return 0;
| }
configure:16127: result: yes
configure:16139: checking if demos should be built
configure:16148: result: yes
configure:16188: checking alloca.h usability
configure:16188: gcc -c -g -O2  conftest.c >&5
configure:16188: $? = 0
configure:16188: result: yes
configure:16188: checking alloca.h presence
configure:16188: gcc -E  conftest.c
configure:16188: $? = 0
configure:16188: result: yes
configure:16188: checking for alloca.h
configure:16188: result: yes
configure:16188: checking stdio.h usability
configure:16188: gcc -c -g -O2  conftest.c >&5
configure:16188: $? = 0
configure:16188: result: yes
configure:16188: checking stdio.h presence
configure:16188: gcc -E  conftest.c
configure:16188: $? = 0
configure:16188: result: yes
configure:16188: checking for stdio.h
configure:16188: result: yes
configure:16188: checking for stdint.h
configure:16188: result: yes
configure:16188: checking for stdlib.h
configure:16188: result: yes
configure:16188: checking math.h usability
configure:16188: gcc -c -g -O2  conftest.c >&5
configure:16188: $? = 0
configure:16188: result: yes
configure:16188: checking math.h presence
configure:16188: gcc -E  conftest.c
configure:16188: $? = 0
configure:16188: result: yes
configure:16188: checking for math.h
configure:16188: result: yes
configure:16188: checking for string.h
configure:16188: result: yes
configure:16188: checking stdarg.h usability
configure:16188: gcc -c -g -O2  conftest.c >&5
configure:16188: $? = 0
configure:16188: result: yes
configure:16188: checking stdarg.h presence
configure:16188: gcc -E  conftest.c
configure:16188: $? = 0
configure:16188: result: yes
configure:16188: checking for stdarg.h
configure:16188: result: yes
configure:16188: checking malloc.h usability
configure:16188: gcc -c -g -O2  conftest.c >&5
configure:16188: $? = 0
configure:16188: result: yes
configure:16188: checking malloc.h presence
configure:16188: gcc -E  conftest.c
configure:16188: $? = 0
configure:16188: result: yes
configure:16188: checking for malloc.h
configure:16188: result: yes
configure:16188: checking float.h usability
configure:16188: gcc -c -g -O2  conftest.c >&5
configure:16188: $? = 0
configure:16188: result: yes
configure:16188: checking float.h presence
configure:16188: gcc -E  conftest.c
configure:16188: $? = 0
configure:16188: result: yes
configure:16188: checking for float.h
configure:16188: result: yes
configure:16188: checking time.h usability
configure:16188: gcc -c -g -O2  conftest.c >&5
configure:16188: $? = 0
configure:16188: result: yes
configure:16188: checking time.h presence
configure:16188: gcc -E  conftest.c
configure:16188: $? = 0
configure:16188: result: yes
configure:16188: checking for time.h
configure:16188: result: yes
configure:16188: checking sys/time.h usability
configure:16188: gcc -c -g -O2  conftest.c >&5
configure:16188: $? = 0
configure:16188: result: yes
configure:16188: checking sys/time.h presence
configure:16188: gcc -E  conftest.c
configure:16188: $? = 0
configure:16188: result: yes
configure:16188: checking for sys/time.h
configure:16188: result: yes
configure:16246: checking if double precision is requested
configure:16255: result: no
configure:16336: checking which drawstuff lib to build
configure:16338: result: X11
configure:16343: checking for X
configure:16451: gcc -E  -DdSINGLE conftest.c
configure:16451: $? = 0
configure:16482: gcc -o conftest -g -O2  -DdSINGLE  conftest.c -lX11  >&5
configure:16482: $? = 0
configure:16532: result: libraries , headers 
configure:16631: gcc -o conftest -g -O2  -DdSINGLE  conftest.c   -lX11 >&5
configure:16631: $? = 0
configure:16729: checking for gethostbyname
configure:16729: gcc -o conftest -g -O2  -DdSINGLE  conftest.c  >&5
configure:16729: $? = 0
configure:16729: result: yes
configure:16826: checking for connect
configure:16826: gcc -o conftest -g -O2  -DdSINGLE  conftest.c  >&5
configure:16826: $? = 0
configure:16826: result: yes
configure:16875: checking for remove
configure:16875: gcc -o conftest -g -O2  -DdSINGLE  conftest.c  >&5
configure:16875: $? = 0
configure:16875: result: yes
configure:16924: checking for shmat
configure:16924: gcc -o conftest -g -O2  -DdSINGLE  conftest.c  >&5
configure:16924: $? = 0
configure:16924: result: yes
configure:16982: checking for IceConnectionNumber in -lICE
configure:17007: gcc -o conftest -g -O2  -DdSINGLE  conftest.c -lICE   >&5
configure:17007: $? = 0
configure:17016: result: yes
configure:17038: checking for GL/gl.h
configure:17038: gcc -c -g -O2  -DdSINGLE conftest.c >&5
configure:17038: $? = 0
configure:17038: result: yes
configure:17038: checking for GL/glu.h
configure:17038: gcc -c -g -O2  -DdSINGLE conftest.c >&5
configure:17038: $? = 0
configure:17038: result: yes
configure:17038: checking for GL/glext.h
configure:17038: gcc -c -g -O2  -DdSINGLE conftest.c >&5
configure:17038: $? = 0
configure:17038: result: yes
configure:17063: checking for main in -lGL
configure:17082: gcc -o conftest -g -O2  -DdSINGLE  conftest.c -lGL   >&5
configure:17082: $? = 0
configure:17091: result: yes
configure:17097: checking for main in -lGLU
configure:17116: gcc -o conftest -g -O2  -DdSINGLE  conftest.c -lGLU -lGL  >&5
configure:17116: $? = 0
configure:17125: result: yes
configure:17131: checking for main in -lopengl32
configure:17150: gcc -o conftest -g -O2  -DdSINGLE  conftest.c -lopengl32   >&5
/usr/bin/ld: cannot find -lopengl32
collect2: ld returned 1 exit status
configure:17150: $? = 1
configure: failed program was:
| /* confdefs.h */
| #define PACKAGE_NAME "ODE"
| #define PACKAGE_TARNAME "ode"
| #define PACKAGE_VERSION "0.11.1"
| #define PACKAGE_STRING "ODE 0.11.1"
| #define PACKAGE_BUGREPORT "ode@ode.org"
| #define PACKAGE_URL ""
| #define PACKAGE "ode"
| #define VERSION "0.11.1"
| #define STDC_HEADERS 1
| #define HAVE_SYS_TYPES_H 1
| #define HAVE_SYS_STAT_H 1
| #define HAVE_STDLIB_H 1
| #define HAVE_STRING_H 1
| #define HAVE_MEMORY_H 1
| #define HAVE_STRINGS_H 1
| #define HAVE_INTTYPES_H 1
| #define HAVE_STDINT_H 1
| #define HAVE_UNISTD_H 1
| #define HAVE_DLFCN_H 1
| #define LT_OBJDIR ".libs/"
| #define HAVE__BOOL 1
| #define HAVE_STDBOOL_H 1
| #define PENTIUM 1
| #define HAVE_ALLOCA_H 1
| #define HAVE_STDIO_H 1
| #define HAVE_STDINT_H 1
| #define HAVE_STDLIB_H 1
| #define HAVE_MATH_H 1
| #define HAVE_STRING_H 1
| #define HAVE_STDARG_H 1
| #define HAVE_MALLOC_H 1
| #define HAVE_FLOAT_H 1
| #define HAVE_TIME_H 1
| #define HAVE_SYS_TIME_H 1
| #define HAVE_GL_GL_H 1
| #define HAVE_GL_GLU_H 1
| #define HAVE_GL_GLEXT_H 1
| /* end confdefs.h.  */
| 
| 
| int
| main ()
| {
| return main ();
|   ;
|   return 0;
| }
configure:17159: result: no
configure:17165: checking for main in -lglu32
configure:17184: gcc -o conftest -g -O2  -DdSINGLE  conftest.c -lglu32 -lopengl32  >&5
/usr/bin/ld: cannot find -lglu32
/usr/bin/ld: cannot find -lopengl32
collect2: ld returned 1 exit status
configure:17184: $? = 1
configure: failed program was:
| /* confdefs.h */
| #define PACKAGE_NAME "ODE"
| #define PACKAGE_TARNAME "ode"
| #define PACKAGE_VERSION "0.11.1"
| #define PACKAGE_STRING "ODE 0.11.1"
| #define PACKAGE_BUGREPORT "ode@ode.org"
| #define PACKAGE_URL ""
| #define PACKAGE "ode"
| #define VERSION "0.11.1"
| #define STDC_HEADERS 1
| #define HAVE_SYS_TYPES_H 1
| #define HAVE_SYS_STAT_H 1
| #define HAVE_STDLIB_H 1
| #define HAVE_STRING_H 1
| #define HAVE_MEMORY_H 1
| #define HAVE_STRINGS_H 1
| #define HAVE_INTTYPES_H 1
| #define HAVE_STDINT_H 1
| #define HAVE_UNISTD_H 1
| #define HAVE_DLFCN_H 1
| #define LT_OBJDIR ".libs/"
| #define HAVE__BOOL 1
| #define HAVE_STDBOOL_H 1
| #define PENTIUM 1
| #define HAVE_ALLOCA_H 1
| #define HAVE_STDIO_H 1
| #define HAVE_STDINT_H 1
| #define HAVE_STDLIB_H 1
| #define HAVE_MATH_H 1
| #define HAVE_STRING_H 1
| #define HAVE_STDARG_H 1
| #define HAVE_MALLOC_H 1
| #define HAVE_FLOAT_H 1
| #define HAVE_TIME_H 1
| #define HAVE_SYS_TIME_H 1
| #define HAVE_GL_GL_H 1
| #define HAVE_GL_GLU_H 1
| #define HAVE_GL_GLEXT_H 1
| /* end confdefs.h.  */
| 
| 
| int
| main ()
| {
| return main ();
|   ;
|   return 0;
| }
configure:17193: result: no
configure:17211: checking for main in -lstdc++
configure:17230: gcc -o conftest -g -O2  -DdSINGLE  conftest.c -lstdc++   >&5
configure:17230: $? = 0
configure:17239: result: yes
configure:17248: checking for main in -lpthread
configure:17267: gcc -o conftest -g -O2  -DdSINGLE  conftest.c -lpthread   >&5
configure:17267: $? = 0
configure:17276: result: yes
configure:17310: checking for gprof
configure:17360: result: no
configure:17364: checking for main in -lm
configure:17383: gcc -o conftest -g -O2  -DdSINGLE  conftest.c -lm   -lpthread >&5
configure:17383: $? = 0
configure:17392: result: yes
configure:17403: checking for main in -lsunmath
configure:17422: gcc -o conftest -g -O2  -DdSINGLE  conftest.c -lsunmath  -lm  -lpthread >&5
/usr/bin/ld: cannot find -lsunmath
collect2: ld returned 1 exit status
configure:17422: $? = 1
configure: failed program was:
| /* confdefs.h */
| #define PACKAGE_NAME "ODE"
| #define PACKAGE_TARNAME "ode"
| #define PACKAGE_VERSION "0.11.1"
| #define PACKAGE_STRING "ODE 0.11.1"
| #define PACKAGE_BUGREPORT "ode@ode.org"
| #define PACKAGE_URL ""
| #define PACKAGE "ode"
| #define VERSION "0.11.1"
| #define STDC_HEADERS 1
| #define HAVE_SYS_TYPES_H 1
| #define HAVE_SYS_STAT_H 1
| #define HAVE_STDLIB_H 1
| #define HAVE_STRING_H 1
| #define HAVE_MEMORY_H 1
| #define HAVE_STRINGS_H 1
| #define HAVE_INTTYPES_H 1
| #define HAVE_STDINT_H 1
| #define HAVE_UNISTD_H 1
| #define HAVE_DLFCN_H 1
| #define LT_OBJDIR ".libs/"
| #define HAVE__BOOL 1
| #define HAVE_STDBOOL_H 1
| #define PENTIUM 1
| #define HAVE_ALLOCA_H 1
| #define HAVE_STDIO_H 1
| #define HAVE_STDINT_H 1
| #define HAVE_STDLIB_H 1
| #define HAVE_MATH_H 1
| #define HAVE_STRING_H 1
| #define HAVE_STDARG_H 1
| #define HAVE_MALLOC_H 1
| #define HAVE_FLOAT_H 1
| #define HAVE_TIME_H 1
| #define HAVE_SYS_TIME_H 1
| #define HAVE_GL_GL_H 1
| #define HAVE_GL_GLU_H 1
| #define HAVE_GL_GLEXT_H 1
| #define HAVE_LIBM 1
| /* end confdefs.h.  */
| 
| 
| int
| main ()
| {
| return main ();
|   ;
|   return 0;
| }
configure:17431: result: no
configure:17445: checking for floor
configure:17445: gcc -o conftest -g -O2  -DdSINGLE  conftest.c -lm  -lpthread >&5
conftest.c:64:6: warning: conflicting types for built-in function 'floor' [enabled by default]
configure:17445: $? = 0
configure:17445: result: yes
configure:17445: checking for memmove
configure:17445: gcc -o conftest -g -O2  -DdSINGLE  conftest.c -lm  -lpthread >&5
conftest.c:65:6: warning: conflicting types for built-in function 'memmove' [enabled by default]
configure:17445: $? = 0
configure:17445: result: yes
configure:17445: checking for memset
configure:17445: gcc -o conftest -g -O2  -DdSINGLE  conftest.c -lm  -lpthread >&5
conftest.c:66:6: warning: conflicting types for built-in function 'memset' [enabled by default]
configure:17445: $? = 0
configure:17445: result: yes
configure:17445: checking for select
configure:17445: gcc -o conftest -g -O2  -DdSINGLE  conftest.c -lm  -lpthread >&5
configure:17445: $? = 0
configure:17445: result: yes
configure:17445: checking for sqrt
configure:17445: gcc -o conftest -g -O2  -DdSINGLE  conftest.c -lm  -lpthread >&5
conftest.c:68:6: warning: conflicting types for built-in function 'sqrt' [enabled by default]
configure:17445: $? = 0
configure:17445: result: yes
configure:17445: checking for sqrtf
configure:17445: gcc -o conftest -g -O2  -DdSINGLE  conftest.c -lm  -lpthread >&5
conftest.c:69:6: warning: conflicting types for built-in function 'sqrtf' [enabled by default]
configure:17445: $? = 0
configure:17445: result: yes
configure:17445: checking for sinf
configure:17445: gcc -o conftest -g -O2  -DdSINGLE  conftest.c -lm  -lpthread >&5
conftest.c:70:6: warning: conflicting types for built-in function 'sinf' [enabled by default]
configure:17445: $? = 0
configure:17445: result: yes
configure:17445: checking for cosf
configure:17445: gcc -o conftest -g -O2  -DdSINGLE  conftest.c -lm  -lpthread >&5
conftest.c:71:6: warning: conflicting types for built-in function 'cosf' [enabled by default]
configure:17445: $? = 0
configure:17445: result: yes
configure:17445: checking for fabsf
configure:17445: gcc -o conftest -g -O2  -DdSINGLE  conftest.c -lm  -lpthread >&5
conftest.c:72:6: warning: conflicting types for built-in function 'fabsf' [enabled by default]
configure:17445: $? = 0
configure:17445: result: yes
configure:17445: checking for atan2f
configure:17445: gcc -o conftest -g -O2  -DdSINGLE  conftest.c -lm  -lpthread >&5
conftest.c:73:6: warning: conflicting types for built-in function 'atan2f' [enabled by default]
configure:17445: $? = 0
configure:17445: result: yes
configure:17445: checking for fmodf
configure:17445: gcc -o conftest -g -O2  -DdSINGLE  conftest.c -lm  -lpthread >&5
conftest.c:74:6: warning: conflicting types for built-in function 'fmodf' [enabled by default]
configure:17445: $? = 0
configure:17445: result: yes
configure:17445: checking for copysignf
configure:17445: gcc -o conftest -g -O2  -DdSINGLE  conftest.c -lm  -lpthread >&5
conftest.c:75:6: warning: conflicting types for built-in function 'copysignf' [enabled by default]
configure:17445: $? = 0
configure:17445: result: yes
configure:17445: checking for copysign
configure:17445: gcc -o conftest -g -O2  -DdSINGLE  conftest.c -lm  -lpthread >&5
conftest.c:76:6: warning: conflicting types for built-in function 'copysign' [enabled by default]
configure:17445: $? = 0
configure:17445: result: yes
configure:17445: checking for snprintf
configure:17445: gcc -o conftest -g -O2  -DdSINGLE  conftest.c -lm  -lpthread >&5
conftest.c:77:6: warning: conflicting types for built-in function 'snprintf' [enabled by default]
configure:17445: $? = 0
configure:17445: result: yes
configure:17445: checking for vsnprintf
configure:17445: gcc -o conftest -g -O2  -DdSINGLE  conftest.c -lm  -lpthread >&5
conftest.c:78:6: warning: conflicting types for built-in function 'vsnprintf' [enabled by default]
configure:17445: $? = 0
configure:17445: result: yes
configure:17445: checking for gettimeofday
configure:17445: gcc -o conftest -g -O2  -DdSINGLE  conftest.c -lm  -lpthread >&5
configure:17445: $? = 0
configure:17445: result: yes
configure:17445: checking for isnan
configure:17445: gcc -o conftest -g -O2  -DdSINGLE  conftest.c -lm  -lpthread >&5
conftest.c:80:6: warning: conflicting types for built-in function 'isnan' [enabled by default]
configure:17445: $? = 0
configure:17445: result: yes
configure:17445: checking for isnanf
configure:17445: gcc -o conftest -g -O2  -DdSINGLE  conftest.c -lm  -lpthread >&5
conftest.c:81:6: warning: conflicting types for built-in function 'isnanf' [enabled by default]
configure:17445: $? = 0
configure:17445: result: yes
configure:17445: checking for _isnan
configure:17445: gcc -o conftest -g -O2  -DdSINGLE  conftest.c -lm  -lpthread >&5
/tmp/ccr7dx5v.o: In function `main':
/home/minroth/Documents/ode-0.11.1/conftest.c:93: undefined reference to `_isnan'
collect2: ld returned 1 exit status
configure:17445: $? = 1
configure: failed program was:
| /* confdefs.h */
| #define PACKAGE_NAME "ODE"
| #define PACKAGE_TARNAME "ode"
| #define PACKAGE_VERSION "0.11.1"
| #define PACKAGE_STRING "ODE 0.11.1"
| #define PACKAGE_BUGREPORT "ode@ode.org"
| #define PACKAGE_URL ""
| #define PACKAGE "ode"
| #define VERSION "0.11.1"
| #define STDC_HEADERS 1
| #define HAVE_SYS_TYPES_H 1
| #define HAVE_SYS_STAT_H 1
| #define HAVE_STDLIB_H 1
| #define HAVE_STRING_H 1
| #define HAVE_MEMORY_H 1
| #define HAVE_STRINGS_H 1
| #define HAVE_INTTYPES_H 1
| #define HAVE_STDINT_H 1
| #define HAVE_UNISTD_H 1
| #define HAVE_DLFCN_H 1
| #define LT_OBJDIR ".libs/"
| #define HAVE__BOOL 1
| #define HAVE_STDBOOL_H 1
| #define PENTIUM 1
| #define HAVE_ALLOCA_H 1
| #define HAVE_STDIO_H 1
| #define HAVE_STDINT_H 1
| #define HAVE_STDLIB_H 1
| #define HAVE_MATH_H 1
| #define HAVE_STRING_H 1
| #define HAVE_STDARG_H 1
| #define HAVE_MALLOC_H 1
| #define HAVE_FLOAT_H 1
| #define HAVE_TIME_H 1
| #define HAVE_SYS_TIME_H 1
| #define HAVE_GL_GL_H 1
| #define HAVE_GL_GLU_H 1
| #define HAVE_GL_GLEXT_H 1
| #define HAVE_LIBM 1
| #define HAVE_FLOOR 1
| #define HAVE_MEMMOVE 1
| #define HAVE_MEMSET 1
| #define HAVE_SELECT 1
| #define HAVE_SQRT 1
| #define HAVE_SQRTF 1
| #define HAVE_SINF 1
| #define HAVE_COSF 1
| #define HAVE_FABSF 1
| #define HAVE_ATAN2F 1
| #define HAVE_FMODF 1
| #define HAVE_COPYSIGNF 1
| #define HAVE_COPYSIGN 1
| #define HAVE_SNPRINTF 1
| #define HAVE_VSNPRINTF 1
| #define HAVE_GETTIMEOFDAY 1
| #define HAVE_ISNAN 1
| #define HAVE_ISNANF 1
| /* end confdefs.h.  */
| /* Define _isnan to an innocuous variant, in case <limits.h> declares _isnan.
|    For example, HP-UX 11i <limits.h> declares gettimeofday.  */
| #define _isnan innocuous__isnan
| 
| /* System header to define __stub macros and hopefully few prototypes,
|     which can conflict with char _isnan (); below.
|     Prefer <limits.h> to <assert.h> if __STDC__ is defined, since
|     <limits.h> exists even on freestanding compilers.  */
| 
| #ifdef __STDC__
| # include <limits.h>
| #else
| # include <assert.h>
| #endif
| 
| #undef _isnan
| 
| /* Override any GCC internal prototype to avoid an error.
|    Use char because int might match the return type of a GCC
|    builtin and then its argument prototype would still apply.  */
| #ifdef __cplusplus
| extern "C"
| #endif
| char _isnan ();
| /* The GNU C library defines this for functions which it implements
|     to always fail with ENOSYS.  Some functions are actually named
|     something starting with __ and the normal name is an alias.  */
| #if defined __stub__isnan || defined __stub____isnan
| choke me
| #endif
| 
| int
| main ()
| {
| return _isnan ();
|   ;
|   return 0;
| }
configure:17445: result: no
configure:17445: checking for _isnanf
configure:17445: gcc -o conftest -g -O2  -DdSINGLE  conftest.c -lm  -lpthread >&5
/tmp/ccj2BSVA.o: In function `main':
/home/minroth/Documents/ode-0.11.1/conftest.c:93: undefined reference to `_isnanf'
collect2: ld returned 1 exit status
configure:17445: $? = 1
configure: failed program was:
| /* confdefs.h */
| #define PACKAGE_NAME "ODE"
| #define PACKAGE_TARNAME "ode"
| #define PACKAGE_VERSION "0.11.1"
| #define PACKAGE_STRING "ODE 0.11.1"
| #define PACKAGE_BUGREPORT "ode@ode.org"
| #define PACKAGE_URL ""
| #define PACKAGE "ode"
| #define VERSION "0.11.1"
| #define STDC_HEADERS 1
| #define HAVE_SYS_TYPES_H 1
| #define HAVE_SYS_STAT_H 1
| #define HAVE_STDLIB_H 1
| #define HAVE_STRING_H 1
| #define HAVE_MEMORY_H 1
| #define HAVE_STRINGS_H 1
| #define HAVE_INTTYPES_H 1
| #define HAVE_STDINT_H 1
| #define HAVE_UNISTD_H 1
| #define HAVE_DLFCN_H 1
| #define LT_OBJDIR ".libs/"
| #define HAVE__BOOL 1
| #define HAVE_STDBOOL_H 1
| #define PENTIUM 1
| #define HAVE_ALLOCA_H 1
| #define HAVE_STDIO_H 1
| #define HAVE_STDINT_H 1
| #define HAVE_STDLIB_H 1
| #define HAVE_MATH_H 1
| #define HAVE_STRING_H 1
| #define HAVE_STDARG_H 1
| #define HAVE_MALLOC_H 1
| #define HAVE_FLOAT_H 1
| #define HAVE_TIME_H 1
| #define HAVE_SYS_TIME_H 1
| #define HAVE_GL_GL_H 1
| #define HAVE_GL_GLU_H 1
| #define HAVE_GL_GLEXT_H 1
| #define HAVE_LIBM 1
| #define HAVE_FLOOR 1
| #define HAVE_MEMMOVE 1
| #define HAVE_MEMSET 1
| #define HAVE_SELECT 1
| #define HAVE_SQRT 1
| #define HAVE_SQRTF 1
| #define HAVE_SINF 1
| #define HAVE_COSF 1
| #define HAVE_FABSF 1
| #define HAVE_ATAN2F 1
| #define HAVE_FMODF 1
| #define HAVE_COPYSIGNF 1
| #define HAVE_COPYSIGN 1
| #define HAVE_SNPRINTF 1
| #define HAVE_VSNPRINTF 1
| #define HAVE_GETTIMEOFDAY 1
| #define HAVE_ISNAN 1
| #define HAVE_ISNANF 1
| /* end confdefs.h.  */
| /* Define _isnanf to an innocuous variant, in case <limits.h> declares _isnanf.
|    For example, HP-UX 11i <limits.h> declares gettimeofday.  */
| #define _isnanf innocuous__isnanf
| 
| /* System header to define __stub macros and hopefully few prototypes,
|     which can conflict with char _isnanf (); below.
|     Prefer <limits.h> to <assert.h> if __STDC__ is defined, since
|     <limits.h> exists even on freestanding compilers.  */
| 
| #ifdef __STDC__
| # include <limits.h>
| #else
| # include <assert.h>
| #endif
| 
| #undef _isnanf
| 
| /* Override any GCC internal prototype to avoid an error.
|    Use char because int might match the return type of a GCC
|    builtin and then its argument prototype would still apply.  */
| #ifdef __cplusplus
| extern "C"
| #endif
| char _isnanf ();
| /* The GNU C library defines this for functions which it implements
|     to always fail with ENOSYS.  Some functions are actually named
|     something starting with __ and the normal name is an alias.  */
| #if defined __stub__isnanf || defined __stub____isnanf
| choke me
| #endif
| 
| int
| main ()
| {
| return _isnanf ();
|   ;
|   return 0;
| }
configure:17445: result: no
configure:17445: checking for __isnan
configure:17445: gcc -o conftest -g -O2  -DdSINGLE  conftest.c -lm  -lpthread >&5
configure:17445: $? = 0
configure:17445: result: yes
configure:17445: checking for __isnanf
configure:17445: gcc -o conftest -g -O2  -DdSINGLE  conftest.c -lm  -lpthread >&5
configure:17445: $? = 0
configure:17445: result: yes
configure:17456: checking for working alloca.h
configure:17473: gcc -o conftest -g -O2  -DdSINGLE  conftest.c -lm  -lpthread >&5
configure:17473: $? = 0
configure:17481: result: yes
configure:17489: checking for alloca
configure:17526: gcc -o conftest -g -O2  -DdSINGLE  conftest.c -lm  -lpthread >&5
configure:17526: $? = 0
configure:17534: result: yes
configure:17645: checking for stdlib.h
configure:17645: result: yes
configure:17655: checking for GNU libc compatible malloc
configure:17679: gcc -o conftest -g -O2  -DdSINGLE  conftest.c -lm  -lpthread >&5
configure:17679: $? = 0
configure:17679: ./conftest
configure:17679: $? = 0
configure:17689: result: yes
configure:17710: checking for obstacks
configure:17731: gcc -o conftest -g -O2  -DdSINGLE  conftest.c -lm  -lpthread >&5
configure:17731: $? = 0
configure:17739: result: yes
configure:17756: checking for stdlib.h
configure:17756: result: yes
configure:17766: checking for GNU libc compatible realloc
configure:17790: gcc -o conftest -g -O2  -DdSINGLE  conftest.c -lm  -lpthread >&5
configure:17790: $? = 0
configure:17790: ./conftest
configure:17790: $? = 0
configure:17800: result: yes
configure:17824: checking sys/select.h usability
configure:17824: gcc -c -g -O2  -DdSINGLE conftest.c >&5
configure:17824: $? = 0
configure:17824: result: yes
configure:17824: checking sys/select.h presence
configure:17824: gcc -E  -DdSINGLE conftest.c
configure:17824: $? = 0
configure:17824: result: yes
configure:17824: checking for sys/select.h
configure:17824: result: yes
configure:17824: checking sys/socket.h usability
configure:17824: gcc -c -g -O2  -DdSINGLE conftest.c >&5
configure:17824: $? = 0
configure:17824: result: yes
configure:17824: checking sys/socket.h presence
configure:17824: gcc -E  -DdSINGLE conftest.c
configure:17824: $? = 0
configure:17824: result: yes
configure:17824: checking for sys/socket.h
configure:17824: result: yes
configure:17834: checking types of arguments for select
configure:17862: gcc -c -g -O2  -DdSINGLE conftest.c >&5
configure:17862: $? = 0
configure:17873: result: int,fd_set *,struct timeval *
configure:17898: checking for vprintf
configure:17898: gcc -o conftest -g -O2  -DdSINGLE  conftest.c -lm  -lpthread >&5
conftest.c:96:6: warning: conflicting types for built-in function 'vprintf' [enabled by default]
configure:17898: $? = 0
configure:17898: result: yes
configure:17904: checking for _doprnt
configure:17904: gcc -o conftest -g -O2  -DdSINGLE  conftest.c -lm  -lpthread >&5
/tmp/ccBV7JaB.o: In function `main':
/home/minroth/Documents/ode-0.11.1/conftest.c:108: undefined reference to `_doprnt'
collect2: ld returned 1 exit status
configure:17904: $? = 1
configure: failed program was:
| /* confdefs.h */
| #define PACKAGE_NAME "ODE"
| #define PACKAGE_TARNAME "ode"
| #define PACKAGE_VERSION "0.11.1"
| #define PACKAGE_STRING "ODE 0.11.1"
| #define PACKAGE_BUGREPORT "ode@ode.org"
| #define PACKAGE_URL ""
| #define PACKAGE "ode"
| #define VERSION "0.11.1"
| #define STDC_HEADERS 1
| #define HAVE_SYS_TYPES_H 1
| #define HAVE_SYS_STAT_H 1
| #define HAVE_STDLIB_H 1
| #define HAVE_STRING_H 1
| #define HAVE_MEMORY_H 1
| #define HAVE_STRINGS_H 1
| #define HAVE_INTTYPES_H 1
| #define HAVE_STDINT_H 1
| #define HAVE_UNISTD_H 1
| #define HAVE_DLFCN_H 1
| #define LT_OBJDIR ".libs/"
| #define HAVE__BOOL 1
| #define HAVE_STDBOOL_H 1
| #define PENTIUM 1
| #define HAVE_ALLOCA_H 1
| #define HAVE_STDIO_H 1
| #define HAVE_STDINT_H 1
| #define HAVE_STDLIB_H 1
| #define HAVE_MATH_H 1
| #define HAVE_STRING_H 1
| #define HAVE_STDARG_H 1
| #define HAVE_MALLOC_H 1
| #define HAVE_FLOAT_H 1
| #define HAVE_TIME_H 1
| #define HAVE_SYS_TIME_H 1
| #define HAVE_GL_GL_H 1
| #define HAVE_GL_GLU_H 1
| #define HAVE_GL_GLEXT_H 1
| #define HAVE_LIBM 1
| #define HAVE_FLOOR 1
| #define HAVE_MEMMOVE 1
| #define HAVE_MEMSET 1
| #define HAVE_SELECT 1
| #define HAVE_SQRT 1
| #define HAVE_SQRTF 1
| #define HAVE_SINF 1
| #define HAVE_COSF 1
| #define HAVE_FABSF 1
| #define HAVE_ATAN2F 1
| #define HAVE_FMODF 1
| #define HAVE_COPYSIGNF 1
| #define HAVE_COPYSIGN 1
| #define HAVE_SNPRINTF 1
| #define HAVE_VSNPRINTF 1
| #define HAVE_GETTIMEOFDAY 1
| #define HAVE_ISNAN 1
| #define HAVE_ISNANF 1
| #define HAVE___ISNAN 1
| #define HAVE___ISNANF 1
| #define HAVE_ALLOCA_H 1
| #define HAVE_ALLOCA 1
| #define HAVE_STDLIB_H 1
| #define HAVE_MALLOC 1
| #define HAVE_OBSTACK 1
| #define HAVE_STDLIB_H 1
| #define HAVE_REALLOC 1
| #define HAVE_SYS_SELECT_H 1
| #define HAVE_SYS_SOCKET_H 1
| #define SELECT_TYPE_ARG1 int
| #define SELECT_TYPE_ARG234 (fd_set *)
| #define SELECT_TYPE_ARG5 (struct timeval *)
| #define HAVE_VPRINTF 1
| /* end confdefs.h.  */
| /* Define _doprnt to an innocuous variant, in case <limits.h> declares _doprnt.
|    For example, HP-UX 11i <limits.h> declares gettimeofday.  */
| #define _doprnt innocuous__doprnt
| 
| /* System header to define __stub macros and hopefully few prototypes,
|     which can conflict with char _doprnt (); below.
|     Prefer <limits.h> to <assert.h> if __STDC__ is defined, since
|     <limits.h> exists even on freestanding compilers.  */
| 
| #ifdef __STDC__
| # include <limits.h>
| #else
| # include <assert.h>
| #endif
| 
| #undef _doprnt
| 
| /* Override any GCC internal prototype to avoid an error.
|    Use char because int might match the return type of a GCC
|    builtin and then its argument prototype would still apply.  */
| #ifdef __cplusplus
| extern "C"
| #endif
| char _doprnt ();
| /* The GNU C library defines this for functions which it implements
|     to always fail with ENOSYS.  Some functions are actually named
|     something starting with __ and the normal name is an alias.  */
| #if defined __stub__doprnt || defined __stub____doprnt
| choke me
| #endif
| 
| int
| main ()
| {
| return _doprnt ();
|   ;
|   return 0;
| }
configure:17904: result: no
configure:17916: checking if alloca should be emulated by malloc
configure:17933: result: no
configure:18230: creating ./config.status

## ---------------------- ##
## Running config.status. ##
## ---------------------- ##

This file was extended by ODE config.status 0.11.1, which was
generated by GNU Autoconf 2.68.  Invocation command line was

  CONFIG_FILES    = 
  CONFIG_HEADERS  = 
  CONFIG_LINKS    = 
  CONFIG_COMMANDS = 
  $ ./config.status 

on Seldon

config.status:1262: creating Makefile
config.status:1262: creating include/Makefile
config.status:1262: creating include/ode/Makefile
config.status:1262: creating include/drawstuff/Makefile
config.status:1262: creating ode/Makefile
config.status:1262: creating ode/src/Makefile
config.status:1262: creating ode/src/joints/Makefile
config.status:1262: creating drawstuff/Makefile
config.status:1262: creating drawstuff/src/Makefile
config.status:1262: creating drawstuff/dstest/Makefile
config.status:1262: creating ode/demo/Makefile
config.status:1262: creating OPCODE/Makefile
config.status:1262: creating OPCODE/Ice/Makefile
config.status:1262: creating GIMPACT/Makefile
config.status:1262: creating GIMPACT/include/Makefile
config.status:1262: creating GIMPACT/include/GIMPACT/Makefile
config.status:1262: creating GIMPACT/src/Makefile
config.status:1262: creating tests/Makefile
config.status:1262: creating tests/UnitTest++/Makefile
config.status:1262: creating tests/UnitTest++/src/Makefile
config.status:1262: creating tests/UnitTest++/src/Posix/Makefile
config.status:1262: creating tests/UnitTest++/src/Win32/Makefile
config.status:1262: creating ode-config
config.status:1262: creating ode.pc
config.status:1262: creating ode/src/config.h
config.status:1491: executing depfiles commands
config.status:1491: executing libtool commands
configure:20828: === configuring in ou (/home/minroth/Documents/ode-0.11.1/ou)
configure:20891: running /bin/sh ./configure --disable-option-checking '--prefix=/usr/local'  '--with-drawstuff=X11' --cache-file=/dev/null --srcdir=.

## ---------------- ##
## Cache variables. ##
## ---------------- ##

ac_cv_build=i686-pc-linux-gnu
ac_cv_c_bigendian=no
ac_cv_c_compiler_gnu=yes
ac_cv_c_inline=inline
ac_cv_c_volatile=yes
ac_cv_cxx_compiler_gnu=yes
ac_cv_env_CCC_set=
ac_cv_env_CCC_value=
ac_cv_env_CC_set=
ac_cv_env_CC_value=
ac_cv_env_CFLAGS_set=
ac_cv_env_CFLAGS_value=
ac_cv_env_CPPFLAGS_set=
ac_cv_env_CPPFLAGS_value=
ac_cv_env_CPP_set=
ac_cv_env_CPP_value=
ac_cv_env_CXXCPP_set=
ac_cv_env_CXXCPP_value=
ac_cv_env_CXXFLAGS_set=
ac_cv_env_CXXFLAGS_value=
ac_cv_env_CXX_set=
ac_cv_env_CXX_value=
ac_cv_env_LDFLAGS_set=
ac_cv_env_LDFLAGS_value=
ac_cv_env_LIBS_set=
ac_cv_env_LIBS_value=
ac_cv_env_XMKMF_set=
ac_cv_env_XMKMF_value=
ac_cv_env_build_alias_set=
ac_cv_env_build_alias_value=
ac_cv_env_host_alias_set=
ac_cv_env_host_alias_value=
ac_cv_env_target_alias_set=
ac_cv_env_target_alias_value=
ac_cv_func___isnan=yes
ac_cv_func___isnanf=yes
ac_cv_func__doprnt=no
ac_cv_func__isnan=no
ac_cv_func__isnanf=no
ac_cv_func_alloca_works=yes
ac_cv_func_atan2f=yes
ac_cv_func_connect=yes
ac_cv_func_copysign=yes
ac_cv_func_copysignf=yes
ac_cv_func_cosf=yes
ac_cv_func_fabsf=yes
ac_cv_func_floor=yes
ac_cv_func_fmodf=yes
ac_cv_func_gethostbyname=yes
ac_cv_func_gettimeofday=yes
ac_cv_func_isnan=yes
ac_cv_func_isnanf=yes
ac_cv_func_malloc_0_nonnull=yes
ac_cv_func_memmove=yes
ac_cv_func_memset=yes
ac_cv_func_obstack=yes
ac_cv_func_realloc_0_nonnull=yes
ac_cv_func_remove=yes
ac_cv_func_select=yes
ac_cv_func_select_args='int,fd_set *,struct timeval *'
ac_cv_func_shmat=yes
ac_cv_func_sinf=yes
ac_cv_func_snprintf=yes
ac_cv_func_sqrt=yes
ac_cv_func_sqrtf=yes
ac_cv_func_vprintf=yes
ac_cv_func_vsnprintf=yes
ac_cv_have_x='have_x=yes	ac_x_includes='\'''\''	ac_x_libraries='\'''\'''
ac_cv_header_GL_gl_h=yes
ac_cv_header_GL_glext_h=yes
ac_cv_header_GL_glu_h=yes
ac_cv_header_alloca_h=yes
ac_cv_header_dlfcn_h=yes
ac_cv_header_float_h=yes
ac_cv_header_inttypes_h=yes
ac_cv_header_malloc_h=yes
ac_cv_header_math_h=yes
ac_cv_header_memory_h=yes
ac_cv_header_stdarg_h=yes
ac_cv_header_stdbool_h=yes
ac_cv_header_stdc=yes
ac_cv_header_stdint_h=yes
ac_cv_header_stdio_h=yes
ac_cv_header_stdlib_h=yes
ac_cv_header_string_h=yes
ac_cv_header_strings_h=yes
ac_cv_header_sys_select_h=yes
ac_cv_header_sys_socket_h=yes
ac_cv_header_sys_stat_h=yes
ac_cv_header_sys_time_h=yes
ac_cv_header_sys_types_h=yes
ac_cv_header_time_h=yes
ac_cv_header_unistd_h=yes
ac_cv_host=i686-pc-linux-gnu
ac_cv_lib_GLU_main=yes
ac_cv_lib_GL_main=yes
ac_cv_lib_ICE_IceConnectionNumber=yes
ac_cv_lib_glu32_main=no
ac_cv_lib_m_main=yes
ac_cv_lib_opengl32_main=no
ac_cv_lib_pthread_main=yes
ac_cv_lib_stdcpp_main=yes
ac_cv_lib_sunmath_main=no
ac_cv_objext=o
ac_cv_path_EGREP='/bin/grep -E'
ac_cv_path_FGREP='/bin/grep -F'
ac_cv_path_GREP=/bin/grep
ac_cv_path_SED=/bin/sed
ac_cv_path_install='/bin/install -c'
ac_cv_path_mkdir=/bin/mkdir
ac_cv_prog_AWK=gawk
ac_cv_prog_CPP='gcc -E'
ac_cv_prog_CXXCPP='g++ -E'
ac_cv_prog_ac_ct_AR=ar
ac_cv_prog_ac_ct_CC=gcc
ac_cv_prog_ac_ct_CXX=g++
ac_cv_prog_ac_ct_DLLTOOL=dlltool
ac_cv_prog_ac_ct_OBJDUMP=objdump
ac_cv_prog_ac_ct_RANLIB=ranlib
ac_cv_prog_ac_ct_STRIP=strip
ac_cv_prog_cc_c89=
ac_cv_prog_cc_g=yes
ac_cv_prog_cc_gcc_c_o=yes
ac_cv_prog_cxx_g=yes
ac_cv_prog_make_make_set=yes
ac_cv_type__Bool=yes
ac_cv_type_size_t=yes
ac_cv_working_alloca_h=yes
am_cv_CC_dependencies_compiler_type=gcc3
am_cv_CXX_dependencies_compiler_type=gcc3
lt_cv_ar_at_file=@
lt_cv_deplibs_check_method=pass_all
lt_cv_file_magic_cmd='$MAGIC_CMD'
lt_cv_file_magic_test_file=
lt_cv_ld_reload_flag=-r
lt_cv_nm_interface='BSD nm'
lt_cv_objdir=.libs
lt_cv_path_LD=/usr/bin/ld
lt_cv_path_LDCXX=/usr/bin/ld
lt_cv_path_NM='/usr/bin/nm -B'
lt_cv_path_mainfest_tool=no
lt_cv_prog_compiler_c_o=yes
lt_cv_prog_compiler_c_o_CXX=yes
lt_cv_prog_compiler_pic='-fPIC -DPIC'
lt_cv_prog_compiler_pic_CXX='-fPIC -DPIC'
lt_cv_prog_compiler_pic_works=yes
lt_cv_prog_compiler_pic_works_CXX=yes
lt_cv_prog_compiler_rtti_exceptions=no
lt_cv_prog_compiler_static_works=yes
lt_cv_prog_compiler_static_works_CXX=yes
lt_cv_prog_gnu_ld=yes
lt_cv_prog_gnu_ldcxx=yes
lt_cv_sharedlib_from_linklib_cmd='printf %s\n'
lt_cv_shlibpath_overrides_runpath=no
lt_cv_sys_global_symbol_pipe='sed -n -e '\''s/^.*[	 ]\([ABCDGIRSTW][ABCDGIRSTW]*\)[	 ][	 ]*\([_A-Za-z][_A-Za-z0-9]*\)$/\1 \2 \2/p'\'' | sed '\''/ __gnu_lto/d'\'''
lt_cv_sys_global_symbol_to_c_name_address='sed -n -e '\''s/^: \([^ ]*\)[ ]*$/  {\"\1\", (void *) 0},/p'\'' -e '\''s/^[ABCDGIRSTW]* \([^ ]*\) \([^ ]*\)$/  {"\2", (void *) \&\2},/p'\'''
lt_cv_sys_global_symbol_to_c_name_address_lib_prefix='sed -n -e '\''s/^: \([^ ]*\)[ ]*$/  {\"\1\", (void *) 0},/p'\'' -e '\''s/^[ABCDGIRSTW]* \([^ ]*\) \(lib[^ ]*\)$/  {"\2", (void *) \&\2},/p'\'' -e '\''s/^[ABCDGIRSTW]* \([^ ]*\) \([^ ]*\)$/  {"lib\2", (void *) \&\2},/p'\'''
lt_cv_sys_global_symbol_to_cdecl='sed -n -e '\''s/^T .* \(.*\)$/extern int \1();/p'\'' -e '\''s/^[ABCDGIRSTW]* .* \(.*\)$/extern char \1;/p'\'''
lt_cv_sys_max_cmd_len=1572864
lt_cv_to_host_file_cmd=func_convert_file_noop
lt_cv_to_tool_file_cmd=func_convert_file_noop

## ----------------- ##
## Output variables. ##
## ----------------- ##

ACLOCAL='${SHELL} /home/minroth/Documents/ode-0.11.1/missing --run aclocal-1.11'
ALLOCA=''
AMDEPBACKSLASH='\'
AMDEP_FALSE='#'
AMDEP_TRUE=''
AMTAR='${SHELL} /home/minroth/Documents/ode-0.11.1/missing --run tar'
AR='ar'
AS='as'
AUTOCONF='${SHELL} /home/minroth/Documents/ode-0.11.1/missing --run autoconf'
AUTOHEADER='${SHELL} /home/minroth/Documents/ode-0.11.1/missing --run autoheader'
AUTOMAKE='${SHELL} /home/minroth/Documents/ode-0.11.1/missing --run automake-1.11'
AWK='gawk'
CC='gcc'
CCDEPMODE='depmode=gcc3'
CFLAGS='-g -O2'
CPP='gcc -E'
CPPFLAGS=' -DdSINGLE'
CXX='g++'
CXXCPP='g++ -E'
CXXDEPMODE='depmode=gcc3'
CXXFLAGS='-g -O2'
CYGPATH_W='echo'
DEFS='-DHAVE_CONFIG_H'
DEPDIR='.deps'
DLLTOOL='dlltool'
DSYMUTIL=''
DUMPBIN=''
ECHO_C=''
ECHO_N='-n'
ECHO_T=''
EGREP='/bin/grep -E'
ENABLE_DEMOS_FALSE='#'
ENABLE_DEMOS_TRUE=''
ENABLE_DRAWSTUFF_FALSE='#'
ENABLE_DRAWSTUFF_TRUE=''
ENABLE_OU_FALSE=''
ENABLE_OU_TRUE='#'
EXEEXT=''
EXTRA_LIBTOOL_LDFLAGS=''
FGREP='/bin/grep -F'
GIMPACT_FALSE=''
GIMPACT_TRUE='#'
GL_LIBS='-lGLU -lGL'
GREP='/bin/grep'
INSTALL_DATA='${INSTALL} -m 644'
INSTALL_PROGRAM='${INSTALL}'
INSTALL_SCRIPT='${INSTALL}'
INSTALL_STRIP_PROGRAM='$(install_sh) -c -s'
LD='/usr/bin/ld'
LDFLAGS=''
LIBOBJS=''
LIBS='-lm  -lpthread'
LIBSTDCXX='-lstdc++'
LIBTOOL='$(SHELL) $(top_builddir)/libtool'
LIPO=''
LN_S='ln -s'
LTLIBOBJS=''
MAKEINFO='${SHELL} /home/minroth/Documents/ode-0.11.1/missing --run makeinfo'
MANIFEST_TOOL=':'
MKDIR_P='/bin/mkdir -p'
NM='/usr/bin/nm -B'
NMEDIT=''
OBJDUMP='objdump'
OBJEXT='o'
ODE_PRECISION='-DdSINGLE'
ODE_RELEASE='0.11.1'
ODE_VERSION_INFO='-version-info 2:1:1'
OPCODE_FALSE='#'
OPCODE_TRUE=''
OSX_FALSE=''
OSX_TRUE='#'
OTOOL64=''
OTOOL=''
PACKAGE='ode'
PACKAGE_BUGREPORT='ode@ode.org'
PACKAGE_NAME='ODE'
PACKAGE_STRING='ODE 0.11.1'
PACKAGE_TARNAME='ode'
PACKAGE_URL=''
PACKAGE_VERSION='0.11.1'
PATH_SEPARATOR=':'
RANLIB='ranlib'
SED='/bin/sed'
SET_MAKE=''
SHELL='/bin/sh'
STRIP='strip'
TRIMESH_FALSE='#'
TRIMESH_TRUE=''
VERSION='0.11.1'
WIN32_FALSE=''
WIN32_TRUE='#'
WINDRES=''
X11_FALSE='#'
X11_TRUE=''
X86_64_SYSTEM_FALSE=''
X86_64_SYSTEM_TRUE='#'
XMKMF=''
X_CFLAGS=''
X_EXTRA_LIBS=''
X_LIBS=''
X_PRE_LIBS=' -lSM -lICE'
ac_ct_AR='ar'
ac_ct_CC='gcc'
ac_ct_CXX='g++'
ac_ct_DUMPBIN=''
ac_ct_WINDRES=''
am__EXEEXT_FALSE=''
am__EXEEXT_TRUE='#'
am__fastdepCC_FALSE='#'
am__fastdepCC_TRUE=''
am__fastdepCXX_FALSE='#'
am__fastdepCXX_TRUE=''
am__include='include'
am__isrc=''
am__leading_dot='.'
am__nodep='_no'
am__quote=''
am__tar='${AMTAR} chof - "$$tardir"'
am__untar='${AMTAR} xf -'
bindir='${exec_prefix}/bin'
build='i686-pc-linux-gnu'
build_alias=''
build_cpu='i686'
build_os='linux-gnu'
build_vendor='pc'
datadir='${datarootdir}'
datarootdir='${prefix}/share'
docdir='${datarootdir}/doc/${PACKAGE_TARNAME}'
dvidir='${docdir}'
exec_prefix='${prefix}'
host='i686-pc-linux-gnu'
host_alias=''
host_cpu='i686'
host_os='linux-gnu'
host_vendor='pc'
htmldir='${docdir}'
includedir='${prefix}/include'
infodir='${datarootdir}/info'
install_sh='${SHELL} /home/minroth/Documents/ode-0.11.1/install-sh'
libdir='${exec_prefix}/lib'
libexecdir='${exec_prefix}/libexec'
localedir='${datarootdir}/locale'
localstatedir='${prefix}/var'
mandir='${datarootdir}/man'
mkdir_p='/bin/mkdir -p'
oldincludedir='/usr/include'
pdfdir='${docdir}'
prefix='/usr/local'
program_transform_name='s,x,x,'
psdir='${docdir}'
sbindir='${exec_prefix}/sbin'
sharedstatedir='${prefix}/com'
subdirs=' ou'
sysconfdir='${prefix}/etc'
target_alias=''

## ----------- ##
## confdefs.h. ##
## ----------- ##

/* confdefs.h */
#define PACKAGE_NAME "ODE"
#define PACKAGE_TARNAME "ode"
#define PACKAGE_VERSION "0.11.1"
#define PACKAGE_STRING "ODE 0.11.1"
#define PACKAGE_BUGREPORT "ode@ode.org"
#define PACKAGE_URL ""
#define PACKAGE "ode"
#define VERSION "0.11.1"
#define STDC_HEADERS 1
#define HAVE_SYS_TYPES_H 1
#define HAVE_SYS_STAT_H 1
#define HAVE_STDLIB_H 1
#define HAVE_STRING_H 1
#define HAVE_MEMORY_H 1
#define HAVE_STRINGS_H 1
#define HAVE_INTTYPES_H 1
#define HAVE_STDINT_H 1
#define HAVE_UNISTD_H 1
#define HAVE_DLFCN_H 1
#define LT_OBJDIR ".libs/"
#define HAVE__BOOL 1
#define HAVE_STDBOOL_H 1
#define PENTIUM 1
#define HAVE_ALLOCA_H 1
#define HAVE_STDIO_H 1
#define HAVE_STDINT_H 1
#define HAVE_STDLIB_H 1
#define HAVE_MATH_H 1
#define HAVE_STRING_H 1
#define HAVE_STDARG_H 1
#define HAVE_MALLOC_H 1
#define HAVE_FLOAT_H 1
#define HAVE_TIME_H 1
#define HAVE_SYS_TIME_H 1
#define HAVE_GL_GL_H 1
#define HAVE_GL_GLU_H 1
#define HAVE_GL_GLEXT_H 1
#define HAVE_LIBM 1
#define HAVE_FLOOR 1
#define HAVE_MEMMOVE 1
#define HAVE_MEMSET 1
#define HAVE_SELECT 1
#define HAVE_SQRT 1
#define HAVE_SQRTF 1
#define HAVE_SINF 1
#define HAVE_COSF 1
#define HAVE_FABSF 1
#define HAVE_ATAN2F 1
#define HAVE_FMODF 1
#define HAVE_COPYSIGNF 1
#define HAVE_COPYSIGN 1
#define HAVE_SNPRINTF 1
#define HAVE_VSNPRINTF 1
#define HAVE_GETTIMEOFDAY 1
#define HAVE_ISNAN 1
#define HAVE_ISNANF 1
#define HAVE___ISNAN 1
#define HAVE___ISNANF 1
#define HAVE_ALLOCA_H 1
#define HAVE_ALLOCA 1
#define HAVE_STDLIB_H 1
#define HAVE_MALLOC 1
#define HAVE_OBSTACK 1
#define HAVE_STDLIB_H 1
#define HAVE_REALLOC 1
#define HAVE_SYS_SELECT_H 1
#define HAVE_SYS_SOCKET_H 1
#define SELECT_TYPE_ARG1 int
#define SELECT_TYPE_ARG234 (fd_set *)
#define SELECT_TYPE_ARG5 (struct timeval *)
#define HAVE_VPRINTF 1

configure: exit 0
